<?xml version="1.0" encoding="UTF-8"?>
<testng-results total="3" passed="3" failed="0" skipped="0">
  <reporter-output>
  </reporter-output>
  <suite started-at="2023-05-30T15:32:16Z" name="Default suite" finished-at="2023-05-30T15:33:00Z" duration-ms="43282">
    <groups>
      <group name="cucumber">
        <method signature="AbstractTestNGCucumberTests.runScenario(io.cucumber.testng.PickleWrapper, io.cucumber.testng.FeatureWrapper)[pri:0, instance:runner.TestRunner@7ae0a9ec]" name="runScenario" class="io.cucumber.testng.AbstractTestNGCucumberTests"/>
      </group> <!-- cucumber -->
    </groups>
    <test started-at="2023-05-30T15:32:16Z" name="Default test" finished-at="2023-05-30T15:33:00Z" duration-ms="43282">
      <class name="runner.TestRunner">
        <test-method is-config="true" signature="setUpClass()[pri:0, instance:runner.TestRunner@7ae0a9ec]" started-at="2023-05-30T21:02:16Z" name="setUpClass" finished-at="2023-05-30T21:02:17Z" duration-ms="953" status="PASS">
          <reporter-output>
          </reporter-output>
        </test-method> <!-- setUpClass -->
        <test-method signature="runScenario(io.cucumber.testng.PickleWrapper, io.cucumber.testng.FeatureWrapper)[pri:0, instance:runner.TestRunner@7ae0a9ec]" started-at="2023-05-30T21:02:17Z" name="runScenario" description="Runs Cucumber Scenarios" data-provider="scenarios" finished-at="2023-05-30T21:02:27Z" duration-ms="9467" status="PASS">
          <params>
            <param index="0">
              <value>
                <![CDATA["Verify user is able to logout from the application"]]>
              </value>
            </param>
            <param index="1">
              <value>
                <![CDATA["Optional[This feature contains valid login test for Vtiger]"]]>
              </value>
            </param>
          </params>
          <reporter-output>
          </reporter-output>
        </test-method> <!-- runScenario -->
        <test-method signature="runScenario(io.cucumber.testng.PickleWrapper, io.cucumber.testng.FeatureWrapper)[pri:0, instance:runner.TestRunner@7ae0a9ec]" started-at="2023-05-30T21:02:27Z" name="runScenario" description="Runs Cucumber Scenarios" data-provider="scenarios" finished-at="2023-05-30T21:02:46Z" duration-ms="19312" status="PASS">
          <params>
            <param index="0">
              <value>
                <![CDATA["Verify new lead  creation with name as QA"]]>
              </value>
            </param>
            <param index="1">
              <value>
                <![CDATA["Optional[Test Lead functionality of Vtiger application]"]]>
              </value>
            </param>
          </params>
          <reporter-output>
          </reporter-output>
        </test-method> <!-- runScenario -->
        <test-method signature="runScenario(io.cucumber.testng.PickleWrapper, io.cucumber.testng.FeatureWrapper)[pri:0, instance:runner.TestRunner@7ae0a9ec]" started-at="2023-05-30T21:02:46Z" name="runScenario" description="Runs Cucumber Scenarios" data-provider="scenarios" finished-at="2023-05-30T21:02:58Z" duration-ms="11763" status="PASS">
          <params>
            <param index="0">
              <value>
                <![CDATA["Delete all leads"]]>
              </value>
            </param>
            <param index="1">
              <value>
                <![CDATA["Optional[Test Lead functionality of Vtiger application]"]]>
              </value>
            </param>
          </params>
          <reporter-output>
          </reporter-output>
        </test-method> <!-- runScenario -->
        <test-method is-config="true" signature="tearDownClass()[pri:0, instance:runner.TestRunner@7ae0a9ec]" started-at="2023-05-30T21:02:58Z" name="tearDownClass" finished-at="2023-05-30T21:03:00Z" duration-ms="1739" status="PASS">
          <reporter-output>
          </reporter-output>
        </test-method> <!-- tearDownClass -->
      </class> <!-- runner.TestRunner -->
    </test> <!-- Default test -->
  </suite> <!-- Default suite -->
</testng-results>
