<?xml version="1.0" encoding="UTF-8"?>
<!-- Generated by org.testng.reporters.JUnitXMLReporter -->
<testsuite hostname="DESKTOP-LLLGMOJ" failures="0" tests="3" name="Default test" time="43.282" errors="0" timestamp="30 May 2023 15:33:00 GMT">
  <testcase classname="runner.TestRunner" name="runScenario" time="9.467"/>
  <testcase classname="runner.TestRunner" name="runScenario" time="19.312"/>
  <testcase classname="runner.TestRunner" name="runScenario" time="11.763"/>
</testsuite> <!-- Default test -->
